[0m15:22:49.597490 [debug] [MainThread]: Sending event: {'category': 'dbt', 'action': 'invocation', 'label': 'start', 'context': [<snowplow_tracker.self_describing_json.SelfDescribingJson object at 0x0000020218A479D0>, <snowplow_tracker.self_describing_json.SelfDescribingJson object at 0x0000020218A47890>, <snowplow_tracker.self_describing_json.SelfDescribingJson object at 0x0000020218A47850>]}


============================== 15:22:49.602494 | d1ec30be-6974-4732-90a3-55d7651f188e ==============================
[0m15:22:49.602494 [info ] [MainThread]: Running with dbt=1.10.15
[0m15:22:49.602494 [debug] [MainThread]: running dbt with arguments {'version_check': 'True', 'no_print': 'None', 'static_parser': 'True', 'warn_error_options': 'WarnErrorOptionsV2(error=[], warn=[], silence=[])', 'target_path': 'None', 'printer_width': '80', 'write_json': 'True', 'introspect': 'True', 'log_cache_events': 'False', 'empty': 'None', 'cache_selected_only': 'False', 'fail_fast': 'False', 'debug': 'False', 'log_format': 'default', 'profiles_dir': 'C:\\Users\\cnast\\.dbt', 'send_anonymous_usage_stats': 'True', 'quiet': 'False', 'warn_error': 'None', 'partial_parse': 'True', 'use_colors': 'True', 'indirect_selection': 'eager', 'invocation_command': 'dbt init', 'use_experimental_parser': 'False', 'log_path': 'logs'}
[0m15:23:01.877176 [debug] [MainThread]: Starter project path: C:\Python311\Lib\site-packages\dbt\include\starter_project
[0m15:23:01.905208 [info ] [MainThread]: 
Your new dbt project "dbt_poc" was created!

For more information on how to configure the profiles.yml file,
please consult the dbt documentation here:

  https://docs.getdbt.com/docs/configure-your-profile

One more thing:

Need help? Don't hesitate to reach out to us via GitHub issues or on Slack:

  https://community.getdbt.com/

Happy modeling!

[0m15:23:01.906210 [info ] [MainThread]: Setting up your profile.
[0m16:46:59.332249 [debug] [MainThread]: Snowflake adapter: Setting snowflake.connector to ERROR (file logging only)
[0m16:46:59.332249 [debug] [MainThread]: Snowflake adapter: Setting botocore to ERROR (file logging only)
[0m16:46:59.333250 [debug] [MainThread]: Snowflake adapter: Setting boto3 to ERROR (file logging only)
[0m16:48:47.447225 [info ] [MainThread]: Profile dbt_poc written to C:\Users\cnast\.dbt\profiles.yml using target's profile_template.yml and your supplied values. Run 'dbt debug' to validate the connection.
[0m16:48:47.449227 [debug] [MainThread]: Command `dbt init` succeeded at 16:48:47.449227 after 5157.92 seconds
[0m16:48:47.449227 [debug] [MainThread]: Sending event: {'category': 'dbt', 'action': 'invocation', 'label': 'end', 'context': [<snowplow_tracker.self_describing_json.SelfDescribingJson object at 0x00000202120A5A10>, <snowplow_tracker.self_describing_json.SelfDescribingJson object at 0x00000202186F3490>, <snowplow_tracker.self_describing_json.SelfDescribingJson object at 0x0000020211DDEB50>]}
[0m16:48:47.450228 [debug] [MainThread]: Flushing usage events
[0m16:48:47.702532 [debug] [MainThread]: An error was encountered while trying to flush usage events
